~~~
<div id="a285308a-ba6a-4fdc-946d-8481db062380" data-jscall-id="108">
  <div data-jscall-id="103">slider 1: 
    <input step="1" max="100" min="1" data-jscall-id="104" value="1" oninput="JSServe.update_obs('14715184038627681899', parseFloat(value))" type="range" />
    <p data-jscall-id="102">1</p>
  </div>
  <script data-jscall-id="105" type="text/javascript">
    window.__define = window.define;
    window.__require = window.require;
    window.define = undefined;
    window.require = undefined;

</script>
  <script data-jscall-id="106" type="text/javascript">
    window.define = window.__define;
    window.require = window.__require;
    window.__define = undefined;
    window.__require = undefined;

</script>
  <script data-jscall-id="107" type="text/javascript">
(()=> {
    JSServe.register_sub_session('a285308a-ba6a-4fdc-946d-8481db062380')
    const init_data_b64 = 'H4sIAAAAAAAAA8WTwW7UMBCGxXWfYm6lUtXGcezYSOVCTytBQcutQpZJpq1LYke2s90V4lKeoEeOUKnLvTwEr8DbkGbL0kqrruhWwqeR5p+Rv/+3z2aNnlZOl18+/6mefDPlD5LlhBGRJVTwNOeCCCm/1+FIxWmDX9lCfHal1Ike61B408S+q9TlcPTClbjQXAbX+gJ//fQYW2/hsLVFNM6Cs6ptSh3xqcVTNdZVi5vwcQDd2dkxNqJvXKWjsUfgDmFv/yXYbm8AbUtw8Rg9DNvKaOgnA5w6/wFqF2I1BR0AJw0WEctn/cLC2RChUVhhjTbCLiiF3aDqGhEnUamD5F2vXGi2jbXo33bNTr244eDTYHYzc74Uf7bn6le3+C9Ikq72lNwJ4IoLwRklucxkktE0T3O2zP/yWksTyhgXaUolTUgmGcmWaefBUkY5lTyTQiR5znPGk7WDfX0TbO/P7nMYjkbox7g9D1ddh6Z0jN68b7usl/i+BRshYrOxNV+x+c8GZys9Iw9D238EtFpP1iS7N+H/SWbsemQr3uMD0d48Alo/uy7c/T/+byl/A+tH0c2IBQAA'
    JSServe.init_from_b64(init_data_b64)
    if (!true){
        JSServe.update_obs('12252776675721646009', true)
    }
})()
</script>
</div>
~~~
