~~~
<div id="99192b5f-0ba6-41ed-bb1e-66aaf27c00fe" data-jscall-id="108" style="visibility: hidden;">
  <div data-jscall-id="103">slider 1: 
    <input step="1" max="100" min="1" data-jscall-id="104" value="1" oninput="JSServe.update_obs('3253528758169023802', parseFloat(value))" type="range" />
    <p data-jscall-id="102">1</p>
  </div>
  <script data-jscall-id="105" type="text/javascript">
    window.__define = window.define;
    window.__require = window.require;
    window.define = undefined;
    window.require = undefined;

</script>
  <script data-jscall-id="106" type="text/javascript">
    window.define = window.__define;
    window.require = window.__require;
    window.__define = undefined;
    window.__require = undefined;

</script>
  <script data-jscall-id="107" type="text/javascript">
(()=> {
    JSServe.register_sub_session('99192b5f-0ba6-41ed-bb1e-66aaf27c00fe')
    const init_data_b64 = 'H4sIAAAAAAAAA8WUzW7TQBSFxTZPMTs3UpPOTPyLVBZQFkSCgsIOodHYcxMG7BnLM05jITZhjQRbdoDUsO9L8Aq8DROnpAVFqUgq4YVl65577e9c+8wXJW9yzcXn97+v7nyV4mJAg0FA4yiISZhgOogx/V6YCbNNCV+CtXZ+wdhrPuUmq2Rp2ypj58PRAy1grTk3uq4y+PmjAltXCo1rlVmpFdKK1aXgFg4UnLEpz2voorcd5I6jI6ksVKXOuZVqgvQYnZw+RsrNNYgrgbR9BRUa1rnkqO006ExXb1Chjc0bxA2CWQmZBXG3HZhpZSwqGeRQgLLoGDEGrpG5goWZZewFftkq15q+VAqq567o1Os37LzrLC57Pm3EX5zo4sk1/m8E0xstJX/aT+PYd6qYYH8QRBElEdlkv1hqQxoHOArChMQkIRHGNNmkbeeGYRwlAXZn3w9oMsBxuPdan16utXXn+B4ajkZQTaG/Wi1broxxayuZ1m7TG1w/RJ6xUHqHqxHdf7bXv9Eyshva6S2gFXy2J9nWBf9PMqn2Jdv2Oe5I9uwWyNrePdm2/+7zndg+XCUZL8tcZnyZo0zowiWU0FndxtYE7MNVgt1vHokDL0lIQtNg3MMpD3s+AdFLUwK9MOR8TKMM4zF43Tb7/praN7bJoT+VRqYyl7Zxj/Hauxy8dQx+vOK6hpj8An28izNbBgAA'
    JSServe.init_from_b64(init_data_b64)
    if (!true){
        JSServe.update_obs('9842399141313092385', true)
    }
})()
</script>
</div>
~~~
