~~~
<div id="a7922a47-021c-44ce-89c3-409d17cc3dfe" data-jscall-id="108">
  <div data-jscall-id="103">slider 1: 
    <input step="1" max="100" min="1" data-jscall-id="104" value="1" oninput="JSServe.update_obs('10751101233444278527', parseFloat(value))" type="range" />
    <p data-jscall-id="102">1</p>
  </div>
  <script data-jscall-id="105" type="text/javascript">
    window.__define = window.define;
    window.__require = window.require;
    window.define = undefined;
    window.require = undefined;

</script>
  <script data-jscall-id="106" type="text/javascript">
    window.define = window.__define;
    window.require = window.__require;
    window.__define = undefined;
    window.__require = undefined;

</script>
  <script data-jscall-id="107" type="text/javascript">
(()=> {
    JSServe.register_sub_session('a7922a47-021c-44ce-89c3-409d17cc3dfe')
    const init_data_b64 = 'H4sIAAAAAAAAA8WTzW7TQBSFxTZPcXelUtV6fhzbSGVDV5GgoLBDaDTYt+0Ue8aauU4TITblCbpkCUgN+/IQvAJv06nbBpCiRjSV8Gqse+7RnPPZp/NWz2qnq8+fbk+PvprqB0uylLGEcSGklDzLU559b8KholmLX9KF+PRCqWM90aH0pqV+qtT5aPzMVbjQnAfX+RJ//fRInbdw0NmSjLPgrOraShM+tniiJrrucBM+DCA+OzvGEvrW1ZqMPQR3AHv7z8FG3wDaVuDoCD2Mutpo6DcDnDj/HhoXqJ6BDoDTFkvC6klvWDobCFqFNTZoCXZBKYyLKg4Ip6TUm+Rtr1xoto216F/HYVQvbjj4OJjf7JwtjT/fc82LP/J/Ywlf3Sn7C8CF4FzINKpFkQyz+CKW9l/1xmkqk3zIeS4zwRJZJIwtE/fGOWe8EFe6QnLBJRvma4N9eQO272f3KYzGY/QT3L6Gq66gKU3kzbsusl7S+xZsBMJ2Y+vaYvOfC5YrO2P3i7b/ANEaPV0v2QrC/zOasWtCu/N7vGeyVw+QrN9dF9vdf/zvY3EJeAGSPIgFAAA='
    JSServe.init_from_b64(init_data_b64)
    if (!true){
        JSServe.update_obs('921448868492944867', true)
    }
})()
</script>
</div>
~~~
