~~~
<div id="5b477069-f204-4492-8987-c65b94dd61e8" data-jscall-id="108" style="visibility: hidden;">
  <div data-jscall-id="103">slider 1: 
    <input step="1" max="100" min="1" data-jscall-id="104" value="1" oninput="JSServe.update_obs('563009628792897911', parseFloat(value))" type="range" />
    <p data-jscall-id="102">1</p>
  </div>
  <script data-jscall-id="105" type="text/javascript">
    window.__define = window.define;
    window.__require = window.require;
    window.define = undefined;
    window.require = undefined;

</script>
  <script data-jscall-id="106" type="text/javascript">
    window.define = window.__define;
    window.require = window.__require;
    window.__define = undefined;
    window.__require = undefined;

</script>
  <script data-jscall-id="107" type="text/javascript">
(()=> {
    JSServe.register_sub_session('5b477069-f204-4492-8987-c65b94dd61e8')
    const init_data_b64 = 'H4sIAAAAAAAAA8VUQW/TMBgV1/4K37JKa+ekSWwjjQOMA5VgoHJDyHLjr8WQ2FHidI0mLuWMBFdugLRyZvwI/gL/Bi8tLaCqE+0kcnLk9z3nvee82TwXdWqE/PDm1+rWJyW/RnEPYxYHlLCAMsJ8/0tWjrmtc/gYraCzS85fiokok0Llttnl/KI/uGckrDAXpamKBH58L8BWhUajSidWGY2M5lUuhYUDDWd8ItIK2ui8hdxzdKS0hSI3qbBKj5EZoZPTh0g73hIJLZGxL6BA/SpVAjWTJTozxSuUmdKmNRIlgmkOiQV5uyFMjC4tyjmkkIG26BhxDm6Quw0LU8v5M/y8Qa4wXaU1FE/dpkOvvrD1ujVfzrzfKH9+YrJHv+n/7OPgOkf9P8z/5mNMsR9GmGAcBzGOWY9usl868GWIIxL4mPYIjmkQRJSSTdglMSOOmfhx3AtZxHxMwr1zfbzMtbHn+A7qDwZQTKC7yJZfZcaFtYUaVi7qDbYfIq+0kHuHC4r2P/sbXm+av5u20xvQlonpftK2R/w/lSm9d2jbLuSO0p7cgLRmdj9x2//42U7S3q67TOR5qhJx1aRcmsx1lDRJ1RTXGOz9RYfdrR/IAy8ahsRdHdYZBTjshCELOpRR0kniaMhCKWMfqNdu2u8v1m5p6xS6E1WqoUqVrd0xXvOWgrcqwndrXcF6yX4CP2Th21wGAAA='
    JSServe.init_from_b64(init_data_b64)
    if (!true){
        JSServe.update_obs('17830308996250983727', true)
    }
})()
</script>
</div>
~~~
